{"uuid":"b55c5e32-40f4-44ce-bd8f-b810f1b3ae0e","historyId":"c6ed229a3c96f04fe815f2824c39a91a","testCaseId":"1dc6c92e5d131326cf9f4c4b26b7ca09","fullName":"src/test/resources/features/guestFlow.feature:4","labels":[{"name":"tag","value":"PatientGuestRequest"},{"name":"host","value":"ZaeemAhmed"},{"name":"thread","value":"46680@ZaeemAhmed.main(1)"},{"name":"feature","value":"Guest Flow feature"},{"name":"story","value":"Successful guest flow of the patient visit"},{"name":"suite","value":"Guest Flow feature"},{"name":"testClass","value":"Successful guest flow of the patient visit"},{"name":"framework","value":"cucumber4jvm"},{"name":"language","value":"java"},{"name":"gherkin_uri","value":"file:///C:/Users/Zaeem/IdeaProjects/Practice/src/test/resources/features/guestFlow.feature"},{"name":"package","value":"src.test.resources.features.guestFlow_feature.Guest Flow feature"}],"links":[],"name":"Successful guest flow of the patient visit","status":"broken","statusDetails":{"known":false,"muted":false,"flaky":false,"message":"element click intercepted: Element <span _ngcontent-ng-c4238591087=\"\" id=\"warningDialog-continueText\" class=\"ng-star-inserted\">...</span> is not clickable at point (802, 421). Other element would receive the click: <span _ngcontent-ng-c4238591087=\"\" id=\"warningDialog-continueText\" class=\"ng-star-inserted\">...</span>\n  (Session info: chrome=125.0.6422.142)\nBuild info: version: '4.21.0', revision: '79ed462ef4'\nSystem info: os.name: 'Windows 11', os.arch: 'amd64', os.version: '10.0', java.version: '22.0.1'\nDriver info: org.openqa.selenium.chrome.ChromeDriver\nCommand: [f335f8a7f2429802eeb6ddb3d7ddbe7a, clickElement {id=f.15D41015E44B82840AFDDED455421A3E.d.B8AE22AD82274AA29B926B4CBCF1253A.e.51}]\nCapabilities {acceptInsecureCerts: false, browserName: chrome, browserVersion: 125.0.6422.142, chrome: {chromedriverVersion: 125.0.6422.141 (4b1e8393712..., userDataDir: C:\\Users\\Zaeem\\AppData\\Loca...}, fedcm:accounts: true, goog:chromeOptions: {debuggerAddress: localhost:64581}, networkConnectionEnabled: false, pageLoadStrategy: normal, platformName: windows, proxy: Proxy(), se:cdp: ws://localhost:64581/devtoo..., se:cdpVersion: 125.0.6422.142, setWindowRect: true, strictFileInteractability: false, timeouts: {implicit: 0, pageLoad: 300000, script: 30000}, unhandledPromptBehavior: dismiss and notify, webauthn:extension:credBlob: true, webauthn:extension:largeBlob: true, webauthn:extension:minPinLength: true, webauthn:extension:prf: true, webauthn:virtualAuthenticators: true}\nElement: [[ChromeDriver: chrome on windows (f335f8a7f2429802eeb6ddb3d7ddbe7a)] -> id: warningDialog-continueText]\nSession ID: f335f8a7f2429802eeb6ddb3d7ddbe7a","trace":"org.openqa.selenium.ElementClickInterceptedException: element click intercepted: Element <span _ngcontent-ng-c4238591087=\"\" id=\"warningDialog-continueText\" class=\"ng-star-inserted\">...</span> is not clickable at point (802, 421). Other element would receive the click: <span _ngcontent-ng-c4238591087=\"\" id=\"warningDialog-continueText\" class=\"ng-star-inserted\">...</span>\n  (Session info: chrome=125.0.6422.142)\nBuild info: version: '4.21.0', revision: '79ed462ef4'\nSystem info: os.name: 'Windows 11', os.arch: 'amd64', os.version: '10.0', java.version: '22.0.1'\nDriver info: org.openqa.selenium.chrome.ChromeDriver\nCommand: [f335f8a7f2429802eeb6ddb3d7ddbe7a, clickElement {id=f.15D41015E44B82840AFDDED455421A3E.d.B8AE22AD82274AA29B926B4CBCF1253A.e.51}]\nCapabilities {acceptInsecureCerts: false, browserName: chrome, browserVersion: 125.0.6422.142, chrome: {chromedriverVersion: 125.0.6422.141 (4b1e8393712..., userDataDir: C:\\Users\\Zaeem\\AppData\\Loca...}, fedcm:accounts: true, goog:chromeOptions: {debuggerAddress: localhost:64581}, networkConnectionEnabled: false, pageLoadStrategy: normal, platformName: windows, proxy: Proxy(), se:cdp: ws://localhost:64581/devtoo..., se:cdpVersion: 125.0.6422.142, setWindowRect: true, strictFileInteractability: false, timeouts: {implicit: 0, pageLoad: 300000, script: 30000}, unhandledPromptBehavior: dismiss and notify, webauthn:extension:credBlob: true, webauthn:extension:largeBlob: true, webauthn:extension:minPinLength: true, webauthn:extension:prf: true, webauthn:virtualAuthenticators: true}\nElement: [[ChromeDriver: chrome on windows (f335f8a7f2429802eeb6ddb3d7ddbe7a)] -> id: warningDialog-continueText]\nSession ID: f335f8a7f2429802eeb6ddb3d7ddbe7a\r\n\tat java.base/jdk.internal.reflect.DirectConstructorHandleAccessor.newInstance(DirectConstructorHandleAccessor.java:62)\r\n\tat java.base/java.lang.reflect.Constructor.newInstanceWithCaller(Constructor.java:502)\r\n\tat java.base/java.lang.reflect.Constructor.newInstance(Constructor.java:486)\r\n\tat org.openqa.selenium.remote.ErrorCodec.decode(ErrorCodec.java:167)\r\n\tat org.openqa.selenium.remote.codec.w3c.W3CHttpResponseCodec.decode(W3CHttpResponseCodec.java:138)\r\n\tat org.openqa.selenium.remote.codec.w3c.W3CHttpResponseCodec.decode(W3CHttpResponseCodec.java:50)\r\n\tat org.openqa.selenium.remote.HttpCommandExecutor.execute(HttpCommandExecutor.java:190)\r\n\tat org.openqa.selenium.remote.service.DriverCommandExecutor.invokeExecute(DriverCommandExecutor.java:216)\r\n\tat org.openqa.selenium.remote.service.DriverCommandExecutor.execute(DriverCommandExecutor.java:174)\r\n\tat org.openqa.selenium.remote.RemoteWebDriver.execute(RemoteWebDriver.java:518)\r\n\tat org.openqa.selenium.remote.RemoteWebElement.execute(RemoteWebElement.java:223)\r\n\tat org.openqa.selenium.remote.RemoteWebElement.click(RemoteWebElement.java:76)\r\n\tat java.base/jdk.internal.reflect.DirectMethodHandleAccessor.invoke(DirectMethodHandleAccessor.java:103)\r\n\tat java.base/java.lang.reflect.Method.invoke(Method.java:580)\r\n\tat org.openqa.selenium.support.pagefactory.internal.LocatingElementHandler.invoke(LocatingElementHandler.java:51)\r\n\tat jdk.proxy2/jdk.proxy2.$Proxy21.click(Unknown Source)\r\n\tat utils.GenericFunctionUtil.onClick(GenericFunctionUtil.java:29)\r\n\tat pages.AddressPage.enterAddress(AddressPage.java:35)\r\n\tat steps.StepDefinitions.userEntersAddress(StepDefinitions.java:70)\r\n\tat ✽.User enters address \"55 Fruit Street, Boston, MA, USA\"(file:///C:/Users/Zaeem/IdeaProjects/Practice/src/test/resources/features/guestFlow.feature:9)\r\n"},"stage":"finished","steps":[{"name":"Given User is on welcome page","status":"passed","statusDetails":{"known":false,"muted":false,"flaky":false},"stage":"finished","steps":[],"attachments":[],"parameters":[],"start":1718081492436,"stop":1718081495436},{"name":"When User clicks on \"I am a Patient\" pill","status":"passed","statusDetails":{"known":false,"muted":false,"flaky":false},"stage":"finished","steps":[],"attachments":[],"parameters":[],"start":1718081495437,"stop":1718081497570},{"name":"And User enters insurance \"CCA-ICO\"","status":"passed","statusDetails":{"known":false,"muted":false,"flaky":false},"stage":"finished","steps":[],"attachments":[],"parameters":[],"start":1718081497570,"stop":1718081498882},{"name":"Then User is on address page","status":"passed","statusDetails":{"known":false,"muted":false,"flaky":false},"stage":"finished","steps":[],"attachments":[],"parameters":[],"start":1718081498882,"stop":1718081527942},{"name":"And User enters address \"55 Fruit Street, Boston, MA, USA\"","status":"broken","statusDetails":{"known":false,"muted":false,"flaky":false,"message":"element click intercepted: Element <span _ngcontent-ng-c4238591087=\"\" id=\"warningDialog-continueText\" class=\"ng-star-inserted\">...</span> is not clickable at point (802, 421). Other element would receive the click: <span _ngcontent-ng-c4238591087=\"\" id=\"warningDialog-continueText\" class=\"ng-star-inserted\">...</span>\n  (Session info: chrome=125.0.6422.142)\nBuild info: version: '4.21.0', revision: '79ed462ef4'\nSystem info: os.name: 'Windows 11', os.arch: 'amd64', os.version: '10.0', java.version: '22.0.1'\nDriver info: org.openqa.selenium.chrome.ChromeDriver\nCommand: [f335f8a7f2429802eeb6ddb3d7ddbe7a, clickElement {id=f.15D41015E44B82840AFDDED455421A3E.d.B8AE22AD82274AA29B926B4CBCF1253A.e.51}]\nCapabilities {acceptInsecureCerts: false, browserName: chrome, browserVersion: 125.0.6422.142, chrome: {chromedriverVersion: 125.0.6422.141 (4b1e8393712..., userDataDir: C:\\Users\\Zaeem\\AppData\\Loca...}, fedcm:accounts: true, goog:chromeOptions: {debuggerAddress: localhost:64581}, networkConnectionEnabled: false, pageLoadStrategy: normal, platformName: windows, proxy: Proxy(), se:cdp: ws://localhost:64581/devtoo..., se:cdpVersion: 125.0.6422.142, setWindowRect: true, strictFileInteractability: false, timeouts: {implicit: 0, pageLoad: 300000, script: 30000}, unhandledPromptBehavior: dismiss and notify, webauthn:extension:credBlob: true, webauthn:extension:largeBlob: true, webauthn:extension:minPinLength: true, webauthn:extension:prf: true, webauthn:virtualAuthenticators: true}\nElement: [[ChromeDriver: chrome on windows (f335f8a7f2429802eeb6ddb3d7ddbe7a)] -> id: warningDialog-continueText]\nSession ID: f335f8a7f2429802eeb6ddb3d7ddbe7a","trace":"org.openqa.selenium.ElementClickInterceptedException: element click intercepted: Element <span _ngcontent-ng-c4238591087=\"\" id=\"warningDialog-continueText\" class=\"ng-star-inserted\">...</span> is not clickable at point (802, 421). Other element would receive the click: <span _ngcontent-ng-c4238591087=\"\" id=\"warningDialog-continueText\" class=\"ng-star-inserted\">...</span>\n  (Session info: chrome=125.0.6422.142)\nBuild info: version: '4.21.0', revision: '79ed462ef4'\nSystem info: os.name: 'Windows 11', os.arch: 'amd64', os.version: '10.0', java.version: '22.0.1'\nDriver info: org.openqa.selenium.chrome.ChromeDriver\nCommand: [f335f8a7f2429802eeb6ddb3d7ddbe7a, clickElement {id=f.15D41015E44B82840AFDDED455421A3E.d.B8AE22AD82274AA29B926B4CBCF1253A.e.51}]\nCapabilities {acceptInsecureCerts: false, browserName: chrome, browserVersion: 125.0.6422.142, chrome: {chromedriverVersion: 125.0.6422.141 (4b1e8393712..., userDataDir: C:\\Users\\Zaeem\\AppData\\Loca...}, fedcm:accounts: true, goog:chromeOptions: {debuggerAddress: localhost:64581}, networkConnectionEnabled: false, pageLoadStrategy: normal, platformName: windows, proxy: Proxy(), se:cdp: ws://localhost:64581/devtoo..., se:cdpVersion: 125.0.6422.142, setWindowRect: true, strictFileInteractability: false, timeouts: {implicit: 0, pageLoad: 300000, script: 30000}, unhandledPromptBehavior: dismiss and notify, webauthn:extension:credBlob: true, webauthn:extension:largeBlob: true, webauthn:extension:minPinLength: true, webauthn:extension:prf: true, webauthn:virtualAuthenticators: true}\nElement: [[ChromeDriver: chrome on windows (f335f8a7f2429802eeb6ddb3d7ddbe7a)] -> id: warningDialog-continueText]\nSession ID: f335f8a7f2429802eeb6ddb3d7ddbe7a\r\n\tat java.base/jdk.internal.reflect.DirectConstructorHandleAccessor.newInstance(DirectConstructorHandleAccessor.java:62)\r\n\tat java.base/java.lang.reflect.Constructor.newInstanceWithCaller(Constructor.java:502)\r\n\tat java.base/java.lang.reflect.Constructor.newInstance(Constructor.java:486)\r\n\tat org.openqa.selenium.remote.ErrorCodec.decode(ErrorCodec.java:167)\r\n\tat org.openqa.selenium.remote.codec.w3c.W3CHttpResponseCodec.decode(W3CHttpResponseCodec.java:138)\r\n\tat org.openqa.selenium.remote.codec.w3c.W3CHttpResponseCodec.decode(W3CHttpResponseCodec.java:50)\r\n\tat org.openqa.selenium.remote.HttpCommandExecutor.execute(HttpCommandExecutor.java:190)\r\n\tat org.openqa.selenium.remote.service.DriverCommandExecutor.invokeExecute(DriverCommandExecutor.java:216)\r\n\tat org.openqa.selenium.remote.service.DriverCommandExecutor.execute(DriverCommandExecutor.java:174)\r\n\tat org.openqa.selenium.remote.RemoteWebDriver.execute(RemoteWebDriver.java:518)\r\n\tat org.openqa.selenium.remote.RemoteWebElement.execute(RemoteWebElement.java:223)\r\n\tat org.openqa.selenium.remote.RemoteWebElement.click(RemoteWebElement.java:76)\r\n\tat java.base/jdk.internal.reflect.DirectMethodHandleAccessor.invoke(DirectMethodHandleAccessor.java:103)\r\n\tat java.base/java.lang.reflect.Method.invoke(Method.java:580)\r\n\tat org.openqa.selenium.support.pagefactory.internal.LocatingElementHandler.invoke(LocatingElementHandler.java:51)\r\n\tat jdk.proxy2/jdk.proxy2.$Proxy21.click(Unknown Source)\r\n\tat utils.GenericFunctionUtil.onClick(GenericFunctionUtil.java:29)\r\n\tat pages.AddressPage.enterAddress(AddressPage.java:35)\r\n\tat steps.StepDefinitions.userEntersAddress(StepDefinitions.java:70)\r\n\tat ✽.User enters address \"55 Fruit Street, Boston, MA, USA\"(file:///C:/Users/Zaeem/IdeaProjects/Practice/src/test/resources/features/guestFlow.feature:9)\r\n"},"stage":"finished","steps":[],"attachments":[],"parameters":[],"start":1718081527942,"stop":1718081530493}],"attachments":[],"parameters":[],"start":1718081491118,"stop":1718081530502}