{"uuid":"c463a448-0259-420e-aecc-8579ed86b26d","historyId":"c6ed229a3c96f04fe815f2824c39a91a","testCaseId":"1dc6c92e5d131326cf9f4c4b26b7ca09","fullName":"src/test/resources/features/guestFlow.feature:4","labels":[{"name":"tag","value":"PatientGuestRequest"},{"name":"host","value":"ZaeemAhmed"},{"name":"thread","value":"3704@ZaeemAhmed.main(1)"},{"name":"feature","value":"Guest Flow feature"},{"name":"story","value":"Successful guest flow of the patient visit"},{"name":"suite","value":"Guest Flow feature"},{"name":"testClass","value":"Successful guest flow of the patient visit"},{"name":"framework","value":"cucumber4jvm"},{"name":"language","value":"java"},{"name":"gherkin_uri","value":"file:///C:/Users/Zaeem/IdeaProjects/Practice/src/test/resources/features/guestFlow.feature"},{"name":"package","value":"src.test.resources.features.guestFlow_feature.Guest Flow feature"}],"links":[],"name":"Successful guest flow of the patient visit","status":"broken","statusDetails":{"known":false,"muted":false,"flaky":false,"message":"javascript error: {\"status\":32,\"value\":\"Unable to locate an element with the xpath expression //span[text()='Male' because of the following error:\\nSyntaxError: Failed to execute 'evaluate' on 'Document': The string '//span[text()='Male'' is not a valid XPath expression.\"}\n  (Session info: chrome=125.0.6422.142)\nBuild info: version: '4.21.0', revision: '79ed462ef4'\nSystem info: os.name: 'Windows 11', os.arch: 'amd64', os.version: '10.0', java.version: '22.0.1'\nDriver info: org.openqa.selenium.chrome.ChromeDriver\nCommand: [9042366d266869657d2798c2a9ac5f05, findElement {using=xpath, value=//span[text()='Male'}]\nCapabilities {acceptInsecureCerts: false, browserName: chrome, browserVersion: 125.0.6422.142, chrome: {chromedriverVersion: 125.0.6422.141 (4b1e8393712..., userDataDir: C:\\Users\\Zaeem\\AppData\\Loca...}, fedcm:accounts: true, goog:chromeOptions: {debuggerAddress: localhost:65500}, networkConnectionEnabled: false, pageLoadStrategy: normal, platformName: windows, proxy: Proxy(), se:cdp: ws://localhost:65500/devtoo..., se:cdpVersion: 125.0.6422.142, setWindowRect: true, strictFileInteractability: false, timeouts: {implicit: 0, pageLoad: 300000, script: 30000}, unhandledPromptBehavior: dismiss and notify, webauthn:extension:credBlob: true, webauthn:extension:largeBlob: true, webauthn:extension:minPinLength: true, webauthn:extension:prf: true, webauthn:virtualAuthenticators: true}\nSession ID: 9042366d266869657d2798c2a9ac5f05","trace":"org.openqa.selenium.JavascriptException: javascript error: {\"status\":32,\"value\":\"Unable to locate an element with the xpath expression //span[text()='Male' because of the following error:\\nSyntaxError: Failed to execute 'evaluate' on 'Document': The string '//span[text()='Male'' is not a valid XPath expression.\"}\n  (Session info: chrome=125.0.6422.142)\nBuild info: version: '4.21.0', revision: '79ed462ef4'\nSystem info: os.name: 'Windows 11', os.arch: 'amd64', os.version: '10.0', java.version: '22.0.1'\nDriver info: org.openqa.selenium.chrome.ChromeDriver\nCommand: [9042366d266869657d2798c2a9ac5f05, findElement {using=xpath, value=//span[text()='Male'}]\nCapabilities {acceptInsecureCerts: false, browserName: chrome, browserVersion: 125.0.6422.142, chrome: {chromedriverVersion: 125.0.6422.141 (4b1e8393712..., userDataDir: C:\\Users\\Zaeem\\AppData\\Loca...}, fedcm:accounts: true, goog:chromeOptions: {debuggerAddress: localhost:65500}, networkConnectionEnabled: false, pageLoadStrategy: normal, platformName: windows, proxy: Proxy(), se:cdp: ws://localhost:65500/devtoo..., se:cdpVersion: 125.0.6422.142, setWindowRect: true, strictFileInteractability: false, timeouts: {implicit: 0, pageLoad: 300000, script: 30000}, unhandledPromptBehavior: dismiss and notify, webauthn:extension:credBlob: true, webauthn:extension:largeBlob: true, webauthn:extension:minPinLength: true, webauthn:extension:prf: true, webauthn:virtualAuthenticators: true}\nSession ID: 9042366d266869657d2798c2a9ac5f05\r\n\tat java.base/jdk.internal.reflect.DirectConstructorHandleAccessor.newInstance(DirectConstructorHandleAccessor.java:62)\r\n\tat java.base/java.lang.reflect.Constructor.newInstanceWithCaller(Constructor.java:502)\r\n\tat java.base/java.lang.reflect.Constructor.newInstance(Constructor.java:486)\r\n\tat org.openqa.selenium.remote.ErrorCodec.decode(ErrorCodec.java:167)\r\n\tat org.openqa.selenium.remote.codec.w3c.W3CHttpResponseCodec.decode(W3CHttpResponseCodec.java:138)\r\n\tat org.openqa.selenium.remote.codec.w3c.W3CHttpResponseCodec.decode(W3CHttpResponseCodec.java:50)\r\n\tat org.openqa.selenium.remote.HttpCommandExecutor.execute(HttpCommandExecutor.java:190)\r\n\tat org.openqa.selenium.remote.service.DriverCommandExecutor.invokeExecute(DriverCommandExecutor.java:216)\r\n\tat org.openqa.selenium.remote.service.DriverCommandExecutor.execute(DriverCommandExecutor.java:174)\r\n\tat org.openqa.selenium.remote.RemoteWebDriver.execute(RemoteWebDriver.java:518)\r\n\tat org.openqa.selenium.remote.ElementLocation$ElementFinder$2.findElement(ElementLocation.java:165)\r\n\tat org.openqa.selenium.remote.ElementLocation.findElement(ElementLocation.java:59)\r\n\tat org.openqa.selenium.remote.RemoteWebDriver.findElement(RemoteWebDriver.java:355)\r\n\tat org.openqa.selenium.remote.RemoteWebDriver.findElement(RemoteWebDriver.java:349)\r\n\tat pages.PatientPortal.RequestVisitPage.enterDetails(RequestVisitPage.java:61)\r\n\tat steps.StepDefinitions.userEntersPatientDetails(StepDefinitions.java:61)\r\n\tat ✽.User enters patient details(file:///C:/Users/Zaeem/IdeaProjects/Practice/src/test/resources/features/guestFlow.feature:12)\r\n"},"stage":"finished","steps":[{"name":"Given User is on welcome page","status":"passed","statusDetails":{"known":false,"muted":false,"flaky":false},"stage":"finished","steps":[],"attachments":[],"parameters":[],"start":1718092401113,"stop":1718092403900},{"name":"When User clicks on \"I am a Patient\" pill","status":"passed","statusDetails":{"known":false,"muted":false,"flaky":false},"stage":"finished","steps":[],"attachments":[],"parameters":[],"start":1718092403901,"stop":1718092405948},{"name":"And User enters insurance \"CCA-ICO\"","status":"passed","statusDetails":{"known":false,"muted":false,"flaky":false},"stage":"finished","steps":[],"attachments":[],"parameters":[],"start":1718092405948,"stop":1718092410433},{"name":"Then User is on address page","status":"passed","statusDetails":{"known":false,"muted":false,"flaky":false},"stage":"finished","steps":[],"attachments":[],"parameters":[],"start":1718092410433,"stop":1718092429594},{"name":"And User enters address \"55 Fruit Street\"","status":"passed","statusDetails":{"known":false,"muted":false,"flaky":false},"stage":"finished","steps":[],"attachments":[],"parameters":[],"start":1718092429594,"stop":1718092434101},{"name":"Then User is on Request A Visit page","status":"passed","statusDetails":{"known":false,"muted":false,"flaky":false},"stage":"finished","steps":[],"attachments":[],"parameters":[],"start":1718092434101,"stop":1718092435346},{"name":"And User enters patient details","status":"broken","statusDetails":{"known":false,"muted":false,"flaky":false,"message":"javascript error: {\"status\":32,\"value\":\"Unable to locate an element with the xpath expression //span[text()='Male' because of the following error:\\nSyntaxError: Failed to execute 'evaluate' on 'Document': The string '//span[text()='Male'' is not a valid XPath expression.\"}\n  (Session info: chrome=125.0.6422.142)\nBuild info: version: '4.21.0', revision: '79ed462ef4'\nSystem info: os.name: 'Windows 11', os.arch: 'amd64', os.version: '10.0', java.version: '22.0.1'\nDriver info: org.openqa.selenium.chrome.ChromeDriver\nCommand: [9042366d266869657d2798c2a9ac5f05, findElement {using=xpath, value=//span[text()='Male'}]\nCapabilities {acceptInsecureCerts: false, browserName: chrome, browserVersion: 125.0.6422.142, chrome: {chromedriverVersion: 125.0.6422.141 (4b1e8393712..., userDataDir: C:\\Users\\Zaeem\\AppData\\Loca...}, fedcm:accounts: true, goog:chromeOptions: {debuggerAddress: localhost:65500}, networkConnectionEnabled: false, pageLoadStrategy: normal, platformName: windows, proxy: Proxy(), se:cdp: ws://localhost:65500/devtoo..., se:cdpVersion: 125.0.6422.142, setWindowRect: true, strictFileInteractability: false, timeouts: {implicit: 0, pageLoad: 300000, script: 30000}, unhandledPromptBehavior: dismiss and notify, webauthn:extension:credBlob: true, webauthn:extension:largeBlob: true, webauthn:extension:minPinLength: true, webauthn:extension:prf: true, webauthn:virtualAuthenticators: true}\nSession ID: 9042366d266869657d2798c2a9ac5f05","trace":"org.openqa.selenium.JavascriptException: javascript error: {\"status\":32,\"value\":\"Unable to locate an element with the xpath expression //span[text()='Male' because of the following error:\\nSyntaxError: Failed to execute 'evaluate' on 'Document': The string '//span[text()='Male'' is not a valid XPath expression.\"}\n  (Session info: chrome=125.0.6422.142)\nBuild info: version: '4.21.0', revision: '79ed462ef4'\nSystem info: os.name: 'Windows 11', os.arch: 'amd64', os.version: '10.0', java.version: '22.0.1'\nDriver info: org.openqa.selenium.chrome.ChromeDriver\nCommand: [9042366d266869657d2798c2a9ac5f05, findElement {using=xpath, value=//span[text()='Male'}]\nCapabilities {acceptInsecureCerts: false, browserName: chrome, browserVersion: 125.0.6422.142, chrome: {chromedriverVersion: 125.0.6422.141 (4b1e8393712..., userDataDir: C:\\Users\\Zaeem\\AppData\\Loca...}, fedcm:accounts: true, goog:chromeOptions: {debuggerAddress: localhost:65500}, networkConnectionEnabled: false, pageLoadStrategy: normal, platformName: windows, proxy: Proxy(), se:cdp: ws://localhost:65500/devtoo..., se:cdpVersion: 125.0.6422.142, setWindowRect: true, strictFileInteractability: false, timeouts: {implicit: 0, pageLoad: 300000, script: 30000}, unhandledPromptBehavior: dismiss and notify, webauthn:extension:credBlob: true, webauthn:extension:largeBlob: true, webauthn:extension:minPinLength: true, webauthn:extension:prf: true, webauthn:virtualAuthenticators: true}\nSession ID: 9042366d266869657d2798c2a9ac5f05\r\n\tat java.base/jdk.internal.reflect.DirectConstructorHandleAccessor.newInstance(DirectConstructorHandleAccessor.java:62)\r\n\tat java.base/java.lang.reflect.Constructor.newInstanceWithCaller(Constructor.java:502)\r\n\tat java.base/java.lang.reflect.Constructor.newInstance(Constructor.java:486)\r\n\tat org.openqa.selenium.remote.ErrorCodec.decode(ErrorCodec.java:167)\r\n\tat org.openqa.selenium.remote.codec.w3c.W3CHttpResponseCodec.decode(W3CHttpResponseCodec.java:138)\r\n\tat org.openqa.selenium.remote.codec.w3c.W3CHttpResponseCodec.decode(W3CHttpResponseCodec.java:50)\r\n\tat org.openqa.selenium.remote.HttpCommandExecutor.execute(HttpCommandExecutor.java:190)\r\n\tat org.openqa.selenium.remote.service.DriverCommandExecutor.invokeExecute(DriverCommandExecutor.java:216)\r\n\tat org.openqa.selenium.remote.service.DriverCommandExecutor.execute(DriverCommandExecutor.java:174)\r\n\tat org.openqa.selenium.remote.RemoteWebDriver.execute(RemoteWebDriver.java:518)\r\n\tat org.openqa.selenium.remote.ElementLocation$ElementFinder$2.findElement(ElementLocation.java:165)\r\n\tat org.openqa.selenium.remote.ElementLocation.findElement(ElementLocation.java:59)\r\n\tat org.openqa.selenium.remote.RemoteWebDriver.findElement(RemoteWebDriver.java:355)\r\n\tat org.openqa.selenium.remote.RemoteWebDriver.findElement(RemoteWebDriver.java:349)\r\n\tat pages.PatientPortal.RequestVisitPage.enterDetails(RequestVisitPage.java:61)\r\n\tat steps.StepDefinitions.userEntersPatientDetails(StepDefinitions.java:61)\r\n\tat ✽.User enters patient details(file:///C:/Users/Zaeem/IdeaProjects/Practice/src/test/resources/features/guestFlow.feature:12)\r\n"},"stage":"finished","steps":[],"attachments":[],"parameters":[],"start":1718092435346,"stop":1718092442384}],"attachments":[],"parameters":[],"start":1718092399886,"stop":1718092442398}